<?xml version="1.0" encoding="UTF-8"?>
<coverage generated="1610540405906" clover="3.2.0">
  <project timestamp="1610540405906" name="All files">
    <metrics statements="55" coveredstatements="51" conditionals="39" coveredconditionals="37" methods="13" coveredmethods="13" elements="107" coveredelements="101" complexity="0" loc="55" ncloc="55" packages="2" files="2" classes="2"/>
    <package name="creativity">
      <metrics statements="28" coveredstatements="26" conditionals="20" coveredconditionals="19" methods="6" coveredmethods="6"/>
      <file name="Creativity.js" path="C:\Users\Ineta\Desktop\BIT.LT\PASKAITOS_20\20-grupe-portfolio-neuron\js\components\creativity\Creativity.js">
        <metrics statements="28" coveredstatements="26" conditionals="20" coveredconditionals="19" methods="6" coveredmethods="6"/>
        <line num="3" count="14" type="cond" truecount="2" falsecount="0"/>
        <line num="4" count="7" type="stmt"/>
        <line num="7" count="7" type="stmt"/>
        <line num="8" count="7" type="stmt"/>
        <line num="10" count="7" type="stmt"/>
        <line num="12" count="7" type="stmt"/>
        <line num="16" count="30" type="cond" truecount="4" falsecount="0"/>
        <line num="18" count="7" type="stmt"/>
        <line num="20" count="23" type="cond" truecount="4" falsecount="0"/>
        <line num="22" count="6" type="stmt"/>
        <line num="24" count="17" type="cond" truecount="4" falsecount="0"/>
        <line num="26" count="9" type="stmt"/>
        <line num="29" count="8" type="stmt"/>
        <line num="33" count="7" type="cond" truecount="2" falsecount="0"/>
        <line num="34" count="2" type="stmt"/>
        <line num="39" count="10" type="stmt"/>
        <line num="40" count="10" type="cond" truecount="2" falsecount="0"/>
        <line num="41" count="4" type="stmt"/>
        <line num="43" count="6" type="stmt"/>
        <line num="44" count="6" type="stmt"/>
        <line num="48" count="1" type="stmt"/>
        <line num="50" count="1" type="stmt"/>
        <line num="51" count="1" type="stmt"/>
        <line num="54" count="1" type="cond" truecount="1" falsecount="1"/>
        <line num="55" count="1" type="stmt"/>
        <line num="57" count="0" type="stmt"/>
        <line num="58" count="0" type="stmt"/>
        <line num="62" count="4" type="stmt"/>
      </file>
    </package>
    <package name="menu">
      <metrics statements="27" coveredstatements="25" conditionals="19" coveredconditionals="18" methods="7" coveredmethods="7"/>
      <file name="Menu.js" path="C:\Users\Ineta\Desktop\BIT.LT\PASKAITOS_20\20-grupe-portfolio-neuron\js\components\menu\Menu.js">
        <metrics statements="27" coveredstatements="25" conditionals="19" coveredconditionals="18" methods="7" coveredmethods="7"/>
        <line num="3" count="13" type="stmt"/>
        <line num="4" count="13" type="stmt"/>
        <line num="6" count="13" type="stmt"/>
        <line num="10" count="1" type="cond" truecount="1" falsecount="1"/>
        <line num="11" count="0" type="stmt"/>
        <line num="13" count="1" type="stmt"/>
        <line num="17" count="9" type="cond" truecount="2" falsecount="0"/>
        <line num="18" count="4" type="stmt"/>
        <line num="21" count="5" type="cond" truecount="2" falsecount="0"/>
        <line num="22" count="1" type="stmt"/>
        <line num="25" count="4" type="stmt"/>
        <line num="26" count="4" type="cond" truecount="2" falsecount="0"/>
        <line num="27" count="1" type="stmt"/>
        <line num="30" count="3" type="stmt"/>
        <line num="31" count="3" type="stmt"/>
        <line num="36" count="2" type="stmt"/>
        <line num="42" count="10" type="cond" truecount="7" falsecount="0"/>
        <line num="47" count="8" type="stmt"/>
        <line num="50" count="2" type="stmt"/>
        <line num="54" count="10" type="cond" truecount="2" falsecount="0"/>
        <line num="55" count="8" type="stmt"/>
        <line num="58" count="2" type="cond" truecount="2" falsecount="0"/>
        <line num="59" count="2" type="stmt"/>
        <line num="63" count="1" type="stmt"/>
        <line num="65" count="1" type="stmt"/>
        <line num="66" count="0" type="stmt"/>
        <line num="69" count="1" type="stmt"/>
      </file>
    </package>
  </project>
</coverage>
