{"C:\\Users\\Ineta\\Desktop\\BIT.LT\\PASKAITOS_20\\20-grupe-portfolio-neuron\\js\\components\\creativity\\Creativity.js": {"path":"C:\\Users\\Ineta\\Desktop\\BIT.LT\\PASKAITOS_20\\20-grupe-portfolio-neuron\\js\\components\\creativity\\Creativity.js","statementMap":{"0":{"start":{"line":3,"column":5},"end":{"line":5,"column":6}},"1":{"start":{"line":4,"column":8},"end":{"line":4,"column":21}},"2":{"start":{"line":7,"column":5},"end":{"line":7,"column":37}},"3":{"start":{"line":8,"column":5},"end":{"line":8,"column":29}},"4":{"start":{"line":10,"column":4},"end":{"line":10,"column":20}},"5":{"start":{"line":12,"column":5},"end":{"line":12,"column":17}},"6":{"start":{"line":16,"column":8},"end":{"line":19,"column":9}},"7":{"start":{"line":18,"column":12},"end":{"line":18,"column":25}},"8":{"start":{"line":20,"column":8},"end":{"line":23,"column":13}},"9":{"start":{"line":22,"column":12},"end":{"line":22,"column":25}},"10":{"start":{"line":24,"column":8},"end":{"line":27,"column":13}},"11":{"start":{"line":26,"column":12},"end":{"line":26,"column":25}},"12":{"start":{"line":29,"column":10},"end":{"line":29,"column":22}},"13":{"start":{"line":33,"column":12},"end":{"line":35,"column":13}},"14":{"start":{"line":34,"column":16},"end":{"line":34,"column":29}},"15":{"start":{"line":39,"column":24},"end":{"line":39,"column":61}},"16":{"start":{"line":40,"column":12},"end":{"line":42,"column":9}},"17":{"start":{"line":41,"column":16},"end":{"line":41,"column":29}},"18":{"start":{"line":43,"column":12},"end":{"line":43,"column":27}},"19":{"start":{"line":44,"column":12},"end":{"line":44,"column":24}},"20":{"start":{"line":48,"column":23},"end":{"line":48,"column":25}},"21":{"start":{"line":50,"column":12},"end":{"line":52,"column":13}},"22":{"start":{"line":51,"column":16},"end":{"line":51,"column":58}},"23":{"start":{"line":54,"column":12},"end":{"line":56,"column":13}},"24":{"start":{"line":55,"column":16},"end":{"line":55,"column":29}},"25":{"start":{"line":57,"column":12},"end":{"line":57,"column":38}},"26":{"start":{"line":58,"column":12},"end":{"line":58,"column":24}},"27":{"start":{"line":62,"column":12},"end":{"line":62,"column":22}}},"fnMap":{"0":{"name":"(anonymous_0)","decl":{"start":{"line":2,"column":4},"end":{"line":2,"column":5}},"loc":{"start":{"line":2,"column":25},"end":{"line":13,"column":5}},"line":2},"1":{"name":"(anonymous_1)","decl":{"start":{"line":15,"column":4},"end":{"line":15,"column":5}},"loc":{"start":{"line":15,"column":25},"end":{"line":30,"column":9}},"line":15},"2":{"name":"(anonymous_2)","decl":{"start":{"line":32,"column":8},"end":{"line":32,"column":9}},"loc":{"start":{"line":32,"column":15},"end":{"line":36,"column":9}},"line":32},"3":{"name":"(anonymous_3)","decl":{"start":{"line":38,"column":8},"end":{"line":38,"column":9}},"loc":{"start":{"line":38,"column":26},"end":{"line":45,"column":9}},"line":38},"4":{"name":"(anonymous_4)","decl":{"start":{"line":47,"column":8},"end":{"line":47,"column":9}},"loc":{"start":{"line":47,"column":18},"end":{"line":59,"column":9}},"line":47},"5":{"name":"(anonymous_5)","decl":{"start":{"line":61,"column":8},"end":{"line":61,"column":9}},"loc":{"start":{"line":61,"column":37},"end":{"line":63,"column":9}},"line":61}},"branchMap":{"0":{"loc":{"start":{"line":3,"column":5},"end":{"line":5,"column":6}},"type":"if","locations":[{"start":{"line":3,"column":5},"end":{"line":5,"column":6}},{"start":{"line":3,"column":5},"end":{"line":5,"column":6}}],"line":3},"1":{"loc":{"start":{"line":16,"column":8},"end":{"line":19,"column":9}},"type":"if","locations":[{"start":{"line":16,"column":8},"end":{"line":19,"column":9}},{"start":{"line":16,"column":8},"end":{"line":19,"column":9}}],"line":16},"2":{"loc":{"start":{"line":16,"column":12},"end":{"line":17,"column":44}},"type":"binary-expr","locations":[{"start":{"line":16,"column":12},"end":{"line":16,"column":38}},{"start":{"line":17,"column":12},"end":{"line":17,"column":44}}],"line":16},"3":{"loc":{"start":{"line":20,"column":8},"end":{"line":23,"column":13}},"type":"if","locations":[{"start":{"line":20,"column":8},"end":{"line":23,"column":13}},{"start":{"line":20,"column":8},"end":{"line":23,"column":13}}],"line":20},"4":{"loc":{"start":{"line":20,"column":12},"end":{"line":21,"column":34}},"type":"binary-expr","locations":[{"start":{"line":20,"column":12},"end":{"line":20,"column":47}},{"start":{"line":21,"column":12},"end":{"line":21,"column":34}}],"line":20},"5":{"loc":{"start":{"line":24,"column":8},"end":{"line":27,"column":13}},"type":"if","locations":[{"start":{"line":24,"column":8},"end":{"line":27,"column":13}},{"start":{"line":24,"column":8},"end":{"line":27,"column":13}}],"line":24},"6":{"loc":{"start":{"line":24,"column":12},"end":{"line":25,"column":36}},"type":"binary-expr","locations":[{"start":{"line":24,"column":12},"end":{"line":24,"column":39}},{"start":{"line":25,"column":12},"end":{"line":25,"column":36}}],"line":24},"7":{"loc":{"start":{"line":33,"column":12},"end":{"line":35,"column":13}},"type":"if","locations":[{"start":{"line":33,"column":12},"end":{"line":35,"column":13}},{"start":{"line":33,"column":12},"end":{"line":35,"column":13}}],"line":33},"8":{"loc":{"start":{"line":40,"column":12},"end":{"line":42,"column":9}},"type":"if","locations":[{"start":{"line":40,"column":12},"end":{"line":42,"column":9}},{"start":{"line":40,"column":12},"end":{"line":42,"column":9}}],"line":40},"9":{"loc":{"start":{"line":54,"column":12},"end":{"line":56,"column":13}},"type":"if","locations":[{"start":{"line":54,"column":12},"end":{"line":56,"column":13}},{"start":{"line":54,"column":12},"end":{"line":56,"column":13}}],"line":54}},"s":{"0":14,"1":7,"2":7,"3":7,"4":7,"5":7,"6":30,"7":7,"8":23,"9":6,"10":17,"11":9,"12":8,"13":7,"14":2,"15":10,"16":10,"17":4,"18":6,"19":6,"20":1,"21":1,"22":1,"23":1,"24":1,"25":0,"26":0,"27":4},"f":{"0":14,"1":30,"2":7,"3":10,"4":1,"5":4},"b":{"0":[7,7],"1":[7,23],"2":[30,24],"3":[6,17],"4":[23,18],"5":[9,8],"6":[17,10],"7":[2,5],"8":[4,6],"9":[1,0]},"_coverageSchema":"1a1c01bbd47fc00a2c39e90264f33305004495a9","hash":"5dccb7e152ed56627f99d1c66ec8569ba126c872"}
,"C:\\Users\\Ineta\\Desktop\\BIT.LT\\PASKAITOS_20\\20-grupe-portfolio-neuron\\js\\components\\menu\\Menu.js": {"path":"C:\\Users\\Ineta\\Desktop\\BIT.LT\\PASKAITOS_20\\20-grupe-portfolio-neuron\\js\\components\\menu\\Menu.js","statementMap":{"0":{"start":{"line":3,"column":8},"end":{"line":3,"column":40}},"1":{"start":{"line":4,"column":8},"end":{"line":4,"column":42}},"2":{"start":{"line":6,"column":8},"end":{"line":6,"column":24}},"3":{"start":{"line":10,"column":8},"end":{"line":12,"column":9}},"4":{"start":{"line":11,"column":12},"end":{"line":11,"column":25}},"5":{"start":{"line":13,"column":8},"end":{"line":13,"column":22}},"6":{"start":{"line":17,"column":8},"end":{"line":19,"column":9}},"7":{"start":{"line":18,"column":12},"end":{"line":18,"column":25}},"8":{"start":{"line":21,"column":8},"end":{"line":23,"column":9}},"9":{"start":{"line":22,"column":12},"end":{"line":22,"column":25}},"10":{"start":{"line":25,"column":20},"end":{"line":25,"column":57}},"11":{"start":{"line":26,"column":8},"end":{"line":28,"column":9}},"12":{"start":{"line":27,"column":12},"end":{"line":27,"column":25}},"13":{"start":{"line":30,"column":8},"end":{"line":30,"column":23}},"14":{"start":{"line":31,"column":8},"end":{"line":31,"column":20}},"15":{"start":{"line":36,"column":8},"end":{"line":36,"column":32}},"16":{"start":{"line":42,"column":8},"end":{"line":48,"column":9}},"17":{"start":{"line":47,"column":12},"end":{"line":47,"column":25}},"18":{"start":{"line":50,"column":8},"end":{"line":50,"column":20}},"19":{"start":{"line":54,"column":8},"end":{"line":56,"column":9}},"20":{"start":{"line":55,"column":12},"end":{"line":55,"column":22}},"21":{"start":{"line":58,"column":23},"end":{"line":58,"column":66}},"22":{"start":{"line":59,"column":8},"end":{"line":59,"column":76}},"23":{"start":{"line":63,"column":19},"end":{"line":63,"column":21}},"24":{"start":{"line":65,"column":8},"end":{"line":67,"column":9}},"25":{"start":{"line":66,"column":12},"end":{"line":66,"column":44}},"26":{"start":{"line":69,"column":8},"end":{"line":69,"column":34}}},"fnMap":{"0":{"name":"(anonymous_0)","decl":{"start":{"line":2,"column":4},"end":{"line":2,"column":5}},"loc":{"start":{"line":2,"column":24},"end":{"line":7,"column":5}},"line":2},"1":{"name":"(anonymous_1)","decl":{"start":{"line":9,"column":4},"end":{"line":9,"column":5}},"loc":{"start":{"line":9,"column":11},"end":{"line":14,"column":5}},"line":9},"2":{"name":"(anonymous_2)","decl":{"start":{"line":16,"column":4},"end":{"line":16,"column":5}},"loc":{"start":{"line":16,"column":22},"end":{"line":32,"column":5}},"line":16},"3":{"name":"(anonymous_3)","decl":{"start":{"line":35,"column":4},"end":{"line":35,"column":5}},"loc":{"start":{"line":35,"column":22},"end":{"line":37,"column":5}},"line":35},"4":{"name":"(anonymous_4)","decl":{"start":{"line":39,"column":4},"end":{"line":39,"column":5}},"loc":{"start":{"line":39,"column":27},"end":{"line":51,"column":5}},"line":39},"5":{"name":"(anonymous_5)","decl":{"start":{"line":53,"column":4},"end":{"line":53,"column":5}},"loc":{"start":{"line":53,"column":23},"end":{"line":60,"column":5}},"line":53},"6":{"name":"(anonymous_6)","decl":{"start":{"line":62,"column":4},"end":{"line":62,"column":5}},"loc":{"start":{"line":62,"column":13},"end":{"line":70,"column":5}},"line":62}},"branchMap":{"0":{"loc":{"start":{"line":10,"column":8},"end":{"line":12,"column":9}},"type":"if","locations":[{"start":{"line":10,"column":8},"end":{"line":12,"column":9}},{"start":{"line":10,"column":8},"end":{"line":12,"column":9}}],"line":10},"1":{"loc":{"start":{"line":17,"column":8},"end":{"line":19,"column":9}},"type":"if","locations":[{"start":{"line":17,"column":8},"end":{"line":19,"column":9}},{"start":{"line":17,"column":8},"end":{"line":19,"column":9}}],"line":17},"2":{"loc":{"start":{"line":21,"column":8},"end":{"line":23,"column":9}},"type":"if","locations":[{"start":{"line":21,"column":8},"end":{"line":23,"column":9}},{"start":{"line":21,"column":8},"end":{"line":23,"column":9}}],"line":21},"3":{"loc":{"start":{"line":26,"column":8},"end":{"line":28,"column":9}},"type":"if","locations":[{"start":{"line":26,"column":8},"end":{"line":28,"column":9}},{"start":{"line":26,"column":8},"end":{"line":28,"column":9}}],"line":26},"4":{"loc":{"start":{"line":42,"column":8},"end":{"line":48,"column":9}},"type":"if","locations":[{"start":{"line":42,"column":8},"end":{"line":48,"column":9}},{"start":{"line":42,"column":8},"end":{"line":48,"column":9}}],"line":42},"5":{"loc":{"start":{"line":42,"column":12},"end":{"line":46,"column":29}},"type":"binary-expr","locations":[{"start":{"line":42,"column":12},"end":{"line":42,"column":36}},{"start":{"line":43,"column":12},"end":{"line":43,"column":41}},{"start":{"line":44,"column":12},"end":{"line":44,"column":42}},{"start":{"line":45,"column":12},"end":{"line":45,"column":28}},{"start":{"line":46,"column":12},"end":{"line":46,"column":29}}],"line":42},"6":{"loc":{"start":{"line":54,"column":8},"end":{"line":56,"column":9}},"type":"if","locations":[{"start":{"line":54,"column":8},"end":{"line":56,"column":9}},{"start":{"line":54,"column":8},"end":{"line":56,"column":9}}],"line":54},"7":{"loc":{"start":{"line":58,"column":23},"end":{"line":58,"column":66}},"type":"cond-expr","locations":[{"start":{"line":58,"column":53},"end":{"line":58,"column":61}},{"start":{"line":58,"column":64},"end":{"line":58,"column":66}}],"line":58}},"s":{"0":13,"1":13,"2":13,"3":1,"4":0,"5":1,"6":9,"7":4,"8":5,"9":1,"10":4,"11":4,"12":1,"13":3,"14":3,"15":2,"16":10,"17":8,"18":2,"19":10,"20":8,"21":2,"22":2,"23":1,"24":1,"25":0,"26":1},"f":{"0":13,"1":1,"2":9,"3":2,"4":10,"5":10,"6":1},"b":{"0":[0,1],"1":[4,5],"2":[1,4],"3":[1,3],"4":[8,2],"5":[10,8,6,4,3],"6":[8,2],"7":[1,1]},"_coverageSchema":"1a1c01bbd47fc00a2c39e90264f33305004495a9","hash":"241ca478b3aab1405d0e9b2951b406c569122516"}
}
