TN:
SF:js\components\creativity\Creativity.js
FN:2,(anonymous_0)
FN:15,(anonymous_1)
FN:32,(anonymous_2)
FN:38,(anonymous_3)
FN:47,(anonymous_4)
FN:61,(anonymous_5)
FNF:6
FNH:4
FNDA:12,(anonymous_0)
FNDA:28,(anonymous_1)
FNDA:6,(anonymous_2)
FNDA:9,(anonymous_3)
FNDA:0,(anonymous_4)
FNDA:0,(anonymous_5)
DA:3,12
DA:4,6
DA:7,6
DA:8,6
DA:10,6
DA:12,6
DA:16,28
DA:18,6
DA:20,22
DA:22,6
DA:24,16
DA:26,9
DA:29,7
DA:33,6
DA:34,2
DA:39,9
DA:40,9
DA:41,4
DA:43,5
DA:44,5
DA:48,0
DA:50,0
DA:51,0
DA:54,0
DA:55,0
DA:57,0
DA:58,0
DA:62,0
LF:28
LH:20
BRDA:3,0,0,6
BRDA:3,0,1,6
BRDA:16,1,0,6
BRDA:16,1,1,22
BRDA:16,2,0,28
BRDA:16,2,1,23
BRDA:20,3,0,6
BRDA:20,3,1,16
BRDA:20,4,0,22
BRDA:20,4,1,17
BRDA:24,5,0,9
BRDA:24,5,1,7
BRDA:24,6,0,16
BRDA:24,6,1,9
BRDA:33,7,0,2
BRDA:33,7,1,4
BRDA:40,8,0,4
BRDA:40,8,1,5
BRDA:54,9,0,0
BRDA:54,9,1,0
BRF:20
BRH:18
end_of_record
TN:
SF:js\components\menu\Menu.js
FN:2,(anonymous_0)
FN:9,(anonymous_1)
FN:16,(anonymous_2)
FN:35,(anonymous_3)
FN:39,(anonymous_4)
FN:53,(anonymous_5)
FN:62,(anonymous_6)
FNF:7
FNH:7
FNDA:13,(anonymous_0)
FNDA:1,(anonymous_1)
FNDA:9,(anonymous_2)
FNDA:2,(anonymous_3)
FNDA:10,(anonymous_4)
FNDA:10,(anonymous_5)
FNDA:1,(anonymous_6)
DA:3,13
DA:4,13
DA:6,13
DA:10,1
DA:11,0
DA:13,1
DA:17,9
DA:18,4
DA:21,5
DA:22,1
DA:25,4
DA:26,4
DA:27,1
DA:30,3
DA:31,3
DA:36,2
DA:42,10
DA:47,8
DA:50,2
DA:54,10
DA:55,8
DA:58,2
DA:59,2
DA:63,1
DA:65,1
DA:66,0
DA:69,1
LF:27
LH:25
BRDA:10,0,0,0
BRDA:10,0,1,1
BRDA:17,1,0,4
BRDA:17,1,1,5
BRDA:21,2,0,1
BRDA:21,2,1,4
BRDA:26,3,0,1
BRDA:26,3,1,3
BRDA:42,4,0,8
BRDA:42,4,1,2
BRDA:42,5,0,10
BRDA:42,5,1,8
BRDA:42,5,2,6
BRDA:42,5,3,4
BRDA:42,5,4,3
BRDA:54,6,0,8
BRDA:54,6,1,2
BRDA:58,7,0,1
BRDA:58,7,1,1
BRF:19
BRH:18
end_of_record
